0 info it worked if it ends with ok
1 verbose cli [ '/usr/local/Cellar/node/0.8.20/bin/node',
1 verbose cli   '/usr/local/bin/npm',
1 verbose cli   'install',
1 verbose cli   'grunt-help' ]
2 info using npm@1.2.11
3 info using node@v0.8.20
4 verbose read json /Users/henryoliver/Documents/Polen/Projects/Polen/Web Development/apps/StarWars-AT-AT-responsive/package.json
5 verbose read json /Users/henryoliver/Documents/Polen/Projects/Polen/Web Development/apps/StarWars-AT-AT-responsive/node_modules/grunt/package.json
6 verbose read json /Users/henryoliver/Documents/Polen/Projects/Polen/Web Development/apps/StarWars-AT-AT-responsive/node_modules/grunt-bower-hooks/package.json
7 verbose read json /Users/henryoliver/Documents/Polen/Projects/Polen/Web Development/apps/StarWars-AT-AT-responsive/node_modules/grunt-contrib-clean/package.json
8 verbose read json /Users/henryoliver/Documents/Polen/Projects/Polen/Web Development/apps/StarWars-AT-AT-responsive/node_modules/grunt-contrib-coffee/package.json
9 verbose read json /Users/henryoliver/Documents/Polen/Projects/Polen/Web Development/apps/StarWars-AT-AT-responsive/node_modules/grunt-contrib-compass/package.json
10 verbose read json /Users/henryoliver/Documents/Polen/Projects/Polen/Web Development/apps/StarWars-AT-AT-responsive/node_modules/grunt-contrib-concat/package.json
11 verbose read json /Users/henryoliver/Documents/Polen/Projects/Polen/Web Development/apps/StarWars-AT-AT-responsive/node_modules/grunt-contrib-connect/package.json
12 verbose read json /Users/henryoliver/Documents/Polen/Projects/Polen/Web Development/apps/StarWars-AT-AT-responsive/node_modules/grunt-contrib-copy/package.json
13 verbose read json /Users/henryoliver/Documents/Polen/Projects/Polen/Web Development/apps/StarWars-AT-AT-responsive/node_modules/grunt-contrib-htmlmin/package.json
14 verbose read json /Users/henryoliver/Documents/Polen/Projects/Polen/Web Development/apps/StarWars-AT-AT-responsive/node_modules/grunt-contrib-imagemin/package.json
15 verbose read json /Users/henryoliver/Documents/Polen/Projects/Polen/Web Development/apps/StarWars-AT-AT-responsive/node_modules/grunt-contrib-jshint/package.json
16 verbose read json /Users/henryoliver/Documents/Polen/Projects/Polen/Web Development/apps/StarWars-AT-AT-responsive/node_modules/grunt-contrib-livereload/package.json
17 verbose read json /Users/henryoliver/Documents/Polen/Projects/Polen/Web Development/apps/StarWars-AT-AT-responsive/node_modules/grunt-contrib-mincss/package.json
18 verbose read json /Users/henryoliver/Documents/Polen/Projects/Polen/Web Development/apps/StarWars-AT-AT-responsive/node_modules/grunt-contrib-uglify/package.json
19 verbose read json /Users/henryoliver/Documents/Polen/Projects/Polen/Web Development/apps/StarWars-AT-AT-responsive/node_modules/grunt-mocha/package.json
20 verbose read json /Users/henryoliver/Documents/Polen/Projects/Polen/Web Development/apps/StarWars-AT-AT-responsive/node_modules/grunt-open/package.json
21 verbose read json /Users/henryoliver/Documents/Polen/Projects/Polen/Web Development/apps/StarWars-AT-AT-responsive/node_modules/grunt-regarde/package.json
22 verbose read json /Users/henryoliver/Documents/Polen/Projects/Polen/Web Development/apps/StarWars-AT-AT-responsive/node_modules/grunt-requirejs/package.json
23 verbose read json /Users/henryoliver/Documents/Polen/Projects/Polen/Web Development/apps/StarWars-AT-AT-responsive/node_modules/grunt-usemin/package.json
24 verbose read json /Users/henryoliver/Documents/Polen/Projects/Polen/Web Development/apps/StarWars-AT-AT-responsive/node_modules/lactate/package.json
25 verbose read json /Users/henryoliver/Documents/Polen/Projects/Polen/Web Development/apps/StarWars-AT-AT-responsive/node_modules/matchdep/package.json
26 verbose from cache /Users/henryoliver/Documents/Polen/Projects/Polen/Web Development/apps/StarWars-AT-AT-responsive/package.json
27 verbose readDependencies using package.json deps
28 verbose cache add [ 'grunt-help', null ]
29 verbose cache add name=undefined spec="grunt-help" args=["grunt-help",null]
30 verbose parsed url { pathname: 'grunt-help',
30 verbose parsed url   path: 'grunt-help',
30 verbose parsed url   href: 'grunt-help' }
31 silly lockFile d6e758df-grunt-help grunt-help
32 verbose lock grunt-help /Users/henryoliver/.npm/d6e758df-grunt-help.lock
33 silly lockFile d6e758df-grunt-help grunt-help
34 silly lockFile d6e758df-grunt-help grunt-help
35 verbose addNamed [ 'grunt-help', '' ]
36 verbose addNamed [ null, '' ]
37 silly lockFile a7d97e3f-grunt-help grunt-help@
38 verbose lock grunt-help@ /Users/henryoliver/.npm/a7d97e3f-grunt-help.lock
39 silly addNameRange { name: 'grunt-help', range: '', hasData: false }
40 verbose url raw grunt-help
41 verbose url resolving [ 'https://registry.npmjs.org/', './grunt-help' ]
42 verbose url resolved https://registry.npmjs.org/grunt-help
43 info trying registry request attempt 1 at 09:44:32
44 http GET https://registry.npmjs.org/grunt-help
45 http 404 https://registry.npmjs.org/grunt-help
46 silly registry.get cb [ 404,
46 silly registry.get   { server: 'CouchDB/1.2.1 (Erlang OTP/R15B03)',
46 silly registry.get     date: 'Thu, 28 Feb 2013 12:44:32 GMT',
46 silly registry.get     'content-type': 'application/json',
46 silly registry.get     'content-length': '52',
46 silly registry.get     'cache-control': 'must-revalidate' } ]
47 silly lockFile a7d97e3f-grunt-help grunt-help@
48 silly lockFile a7d97e3f-grunt-help grunt-help@
49 error 404 'grunt-help' is not in the npm registry.
49 error 404 You should bug the author to publish it
49 error 404
49 error 404 Note that you can also install from a
49 error 404 tarball, folder, or http url, or git url.
50 error System Darwin 12.2.0
51 error command "/usr/local/Cellar/node/0.8.20/bin/node" "/usr/local/bin/npm" "install" "grunt-help"
52 error cwd /Users/henryoliver/Documents/Polen/Projects/Polen/Web Development/apps/StarWars-AT-AT-responsive
53 error node -v v0.8.20
54 error npm -v 1.2.11
55 error code E404
56 verbose exit [ 1, true ]
